CRITICAL - 2022-06-16 11:23:36 --> Invalid file: template/headre.php
#0 C:\xampp\htdocs\aning\ci4\system\View\View.php(198): CodeIgniter\Exceptions\FrameworkException::forInvalidFile('template/headre...')
#1 C:\xampp\htdocs\aning\ci4\system\View\View.php(424): CodeIgniter\View\View->render('template/headre', NULL, true)
#2 C:\xampp\htdocs\aning\ci4\app\Views\contact.php(1): CodeIgniter\View\View->include('template/headre')
#3 C:\xampp\htdocs\aning\ci4\system\View\View.php(210): include('C:\\xampp\\htdocs...')
#4 C:\xampp\htdocs\aning\ci4\system\View\View.php(213): CodeIgniter\View\View->CodeIgniter\View\{closure}()
#5 C:\xampp\htdocs\aning\ci4\system\Common.php(1089): CodeIgniter\View\View->render('contact', Array, true)
#6 C:\xampp\htdocs\aning\ci4\app\Controllers\Page.php(22): view('contact', Array)
#7 C:\xampp\htdocs\aning\ci4\system\CodeIgniter.php(832): App\Controllers\Page->contact()
#8 C:\xampp\htdocs\aning\ci4\system\CodeIgniter.php(419): CodeIgniter\CodeIgniter->runController(Object(App\Controllers\Page))
#9 C:\xampp\htdocs\aning\ci4\system\CodeIgniter.php(326): CodeIgniter\CodeIgniter->handleRequest(NULL, Object(Config\Cache), false)
#10 C:\xampp\htdocs\aning\ci4\public\index.php(37): CodeIgniter\CodeIgniter->run()
#11 C:\xampp\htdocs\aning\ci4\system\Commands\Server\rewrite.php(43): require_once('C:\\xampp\\htdocs...')
#12 {main}
CRITICAL - 2022-06-16 11:23:51 --> Invalid file: template/headare.php
#0 C:\xampp\htdocs\aning\ci4\system\View\View.php(198): CodeIgniter\Exceptions\FrameworkException::forInvalidFile('template/headar...')
#1 C:\xampp\htdocs\aning\ci4\system\View\View.php(424): CodeIgniter\View\View->render('template/headar...', NULL, true)
#2 C:\xampp\htdocs\aning\ci4\app\Views\contact.php(1): CodeIgniter\View\View->include('template/headar...')
#3 C:\xampp\htdocs\aning\ci4\system\View\View.php(210): include('C:\\xampp\\htdocs...')
#4 C:\xampp\htdocs\aning\ci4\system\View\View.php(213): CodeIgniter\View\View->CodeIgniter\View\{closure}()
#5 C:\xampp\htdocs\aning\ci4\system\Common.php(1089): CodeIgniter\View\View->render('contact', Array, true)
#6 C:\xampp\htdocs\aning\ci4\app\Controllers\Page.php(22): view('contact', Array)
#7 C:\xampp\htdocs\aning\ci4\system\CodeIgniter.php(832): App\Controllers\Page->contact()
#8 C:\xampp\htdocs\aning\ci4\system\CodeIgniter.php(419): CodeIgniter\CodeIgniter->runController(Object(App\Controllers\Page))
#9 C:\xampp\htdocs\aning\ci4\system\CodeIgniter.php(326): CodeIgniter\CodeIgniter->handleRequest(NULL, Object(Config\Cache), false)
#10 C:\xampp\htdocs\aning\ci4\public\index.php(37): CodeIgniter\CodeIgniter->run()
#11 C:\xampp\htdocs\aning\ci4\system\Commands\Server\rewrite.php(43): require_once('C:\\xampp\\htdocs...')
#12 {main}
CRITICAL - 2022-06-16 11:24:04 --> Invalid file: template/headar.php
#0 C:\xampp\htdocs\aning\ci4\system\View\View.php(198): CodeIgniter\Exceptions\FrameworkException::forInvalidFile('template/headar...')
#1 C:\xampp\htdocs\aning\ci4\system\View\View.php(424): CodeIgniter\View\View->render('template/headar', NULL, true)
#2 C:\xampp\htdocs\aning\ci4\app\Views\contact.php(1): CodeIgniter\View\View->include('template/headar')
#3 C:\xampp\htdocs\aning\ci4\system\View\View.php(210): include('C:\\xampp\\htdocs...')
#4 C:\xampp\htdocs\aning\ci4\system\View\View.php(213): CodeIgniter\View\View->CodeIgniter\View\{closure}()
#5 C:\xampp\htdocs\aning\ci4\system\Common.php(1089): CodeIgniter\View\View->render('contact', Array, true)
#6 C:\xampp\htdocs\aning\ci4\app\Controllers\Page.php(22): view('contact', Array)
#7 C:\xampp\htdocs\aning\ci4\system\CodeIgniter.php(832): App\Controllers\Page->contact()
#8 C:\xampp\htdocs\aning\ci4\system\CodeIgniter.php(419): CodeIgniter\CodeIgniter->runController(Object(App\Controllers\Page))
#9 C:\xampp\htdocs\aning\ci4\system\CodeIgniter.php(326): CodeIgniter\CodeIgniter->handleRequest(NULL, Object(Config\Cache), false)
#10 C:\xampp\htdocs\aning\ci4\public\index.php(37): CodeIgniter\CodeIgniter->run()
#11 C:\xampp\htdocs\aning\ci4\system\Commands\Server\rewrite.php(43): require_once('C:\\xampp\\htdocs...')
#12 {main}
CRITICAL - 2022-06-16 11:33:46 --> Invalid file: template/admin_header.php
#0 C:\xampp\htdocs\aning\ci4\system\View\View.php(198): CodeIgniter\Exceptions\FrameworkException::forInvalidFile('template/admin_...')
#1 C:\xampp\htdocs\aning\ci4\system\View\View.php(424): CodeIgniter\View\View->render('template/admin_...', NULL, true)
#2 C:\xampp\htdocs\aning\ci4\app\Views\artikel\admin_index.php(1): CodeIgniter\View\View->include('template/admin_...')
#3 C:\xampp\htdocs\aning\ci4\system\View\View.php(210): include('C:\\xampp\\htdocs...')
#4 C:\xampp\htdocs\aning\ci4\system\View\View.php(213): CodeIgniter\View\View->CodeIgniter\View\{closure}()
#5 C:\xampp\htdocs\aning\ci4\system\Common.php(1089): CodeIgniter\View\View->render('artikel/admin_i...', Array, true)
#6 C:\xampp\htdocs\aning\ci4\app\Controllers\Artikel.php(37): view('artikel/admin_i...', Array)
#7 C:\xampp\htdocs\aning\ci4\system\CodeIgniter.php(832): App\Controllers\Artikel->admin_index()
#8 C:\xampp\htdocs\aning\ci4\system\CodeIgniter.php(419): CodeIgniter\CodeIgniter->runController(Object(App\Controllers\Artikel))
#9 C:\xampp\htdocs\aning\ci4\system\CodeIgniter.php(326): CodeIgniter\CodeIgniter->handleRequest(NULL, Object(Config\Cache), false)
#10 C:\xampp\htdocs\aning\ci4\public\index.php(37): CodeIgniter\CodeIgniter->run()
#11 C:\xampp\htdocs\aning\ci4\system\Commands\Server\rewrite.php(43): require_once('C:\\xampp\\htdocs...')
#12 {main}
CRITICAL - 2022-06-16 11:35:16 --> Invalid file: template/admin_header.php
#0 C:\xampp\htdocs\aning\ci4\system\View\View.php(198): CodeIgniter\Exceptions\FrameworkException::forInvalidFile('template/admin_...')
#1 C:\xampp\htdocs\aning\ci4\system\View\View.php(424): CodeIgniter\View\View->render('template/admin_...', NULL, true)
#2 C:\xampp\htdocs\aning\ci4\app\Views\artikel\admin_index.php(1): CodeIgniter\View\View->include('template/admin_...')
#3 C:\xampp\htdocs\aning\ci4\system\View\View.php(210): include('C:\\xampp\\htdocs...')
#4 C:\xampp\htdocs\aning\ci4\system\View\View.php(213): CodeIgniter\View\View->CodeIgniter\View\{closure}()
#5 C:\xampp\htdocs\aning\ci4\system\Common.php(1089): CodeIgniter\View\View->render('artikel/admin_i...', Array, true)
#6 C:\xampp\htdocs\aning\ci4\app\Controllers\Artikel.php(37): view('artikel/admin_i...', Array)
#7 C:\xampp\htdocs\aning\ci4\system\CodeIgniter.php(832): App\Controllers\Artikel->admin_index()
#8 C:\xampp\htdocs\aning\ci4\system\CodeIgniter.php(419): CodeIgniter\CodeIgniter->runController(Object(App\Controllers\Artikel))
#9 C:\xampp\htdocs\aning\ci4\system\CodeIgniter.php(326): CodeIgniter\CodeIgniter->handleRequest(NULL, Object(Config\Cache), false)
#10 C:\xampp\htdocs\aning\ci4\public\index.php(37): CodeIgniter\CodeIgniter->run()
#11 C:\xampp\htdocs\aning\ci4\system\Commands\Server\rewrite.php(43): require_once('C:\\xampp\\htdocs...')
#12 {main}
